# JRE version: Java(TM) SE Runtime Environment (8.0_101-b13) (build 1.8.0_101-b13)
# Java VM: Java HotSpot(TM) 64-Bit Server VM (25.101-b13 mixed mode linux-amd64 compressed oops)
Heap:
 PSYoungGen      total 37888K, used 22470K [0x00000000d6800000, 0x00000000db200000, 0x0000000100000000)
  eden space 32768K, 61% used [0x00000000d6800000,0x00000000d7b957d8,0x00000000d8800000)
  from space 5120K, 47% used [0x00000000d8800000,0x00000000d8a5c050,0x00000000d8d00000)
  to   space 5120K, 0% used [0x00000000dad00000,0x00000000dad00000,0x00000000db200000)
 ParOldGen       total 86016K, used 20174K [0x0000000083800000, 0x0000000088c00000, 0x00000000d6800000)
  object space 86016K, 23% used [0x0000000083800000,0x0000000084bb3890,0x0000000088c00000)
 Metaspace       used 14283K, capacity 14468K, committed 14592K, reserved 1062912K
  class space    used 1684K, capacity 1739K, committed 1792K, reserved 1048576K
GC Heap History (6 events):
Event: 2,297 GC heap before
{Heap before GC invocations=1 (full 0):
 PSYoungGen      total 37888K, used 32768K [0x00000000d6800000, 0x00000000d9200000, 0x0000000100000000)
  eden space 32768K, 100% used [0x00000000d6800000,0x00000000d8800000,0x00000000d8800000)
  from space 5120K, 0% used [0x00000000d8d00000,0x00000000d8d00000,0x00000000d9200000)
  to   space 5120K, 0% used [0x00000000d8800000,0x00000000d8800000,0x00000000d8d00000)
 ParOldGen       total 86016K, used 1K [0x0000000083800000, 0x0000000088c00000, 0x00000000d6800000)
  object space 86016K, 0% used [0x0000000083800000,0x0000000083800600,0x0000000088c00000)
 Metaspace       used 13894K, capacity 14140K, committed 14336K, reserved 1062912K
  class space    used 1645K, capacity 1739K, committed 1792K, reserved 1048576K
Event: 2,311 GC heap after
Heap after GC invocations=1 (full 0):
 PSYoungGen      total 37888K, used 2596K [0x00000000d6800000, 0x00000000d9200000, 0x0000000100000000)
  eden space 32768K, 0% used [0x00000000d6800000,0x00000000d6800000,0x00000000d8800000)
  from space 5120K, 50% used [0x00000000d8800000,0x00000000d8a89060,0x00000000d8d00000)
  to   space 5120K, 0% used [0x00000000d8d00000,0x00000000d8d00000,0x00000000d9200000)
 ParOldGen       total 86016K, used 20158K [0x0000000083800000, 0x0000000088c00000, 0x00000000d6800000)
  object space 86016K, 23% used [0x0000000083800000,0x0000000084baf890,0x0000000088c00000)
 Metaspace       used 13894K, capacity 14140K, committed 14336K, reserved 1062912K
  class space    used 1645K, capacity 1739K, committed 1792K, reserved 1048576K
}
Event: 2,312 GC heap before
{Heap before GC invocations=2 (full 0):
 PSYoungGen      total 37888K, used 3021K [0x00000000d6800000, 0x00000000d9200000, 0x0000000100000000)
  eden space 32768K, 1% used [0x00000000d6800000,0x00000000d686a768,0x00000000d8800000)
  from space 5120K, 50% used [0x00000000d8800000,0x00000000d8a89060,0x00000000d8d00000)
  to   space 5120K, 0% used [0x00000000d8d00000,0x00000000d8d00000,0x00000000d9200000)
 ParOldGen       total 86016K, used 20158K [0x0000000083800000, 0x0000000088c00000, 0x00000000d6800000)
  object space 86016K, 23% used [0x0000000083800000,0x0000000084baf890,0x0000000088c00000)
 Metaspace       used 13894K, capacity 14140K, committed 14336K, reserved 1062912K
  class space    used 1645K, capacity 1739K, committed 1792K, reserved 1048576K
Event: 2,318 GC heap after
Heap after GC invocations=2 (full 0):
 PSYoungGen      total 37888K, used 2592K [0x00000000d6800000, 0x00000000db200000, 0x0000000100000000)
  eden space 32768K, 0% used [0x00000000d6800000,0x00000000d6800000,0x00000000d8800000)
  from space 5120K, 50% used [0x00000000d8d00000,0x00000000d8f88040,0x00000000d9200000)
  to   space 5120K, 0% used [0x00000000d8800000,0x00000000d8800000,0x00000000d8d00000)
 ParOldGen       total 86016K, used 20166K [0x0000000083800000, 0x0000000088c00000, 0x00000000d6800000)
  object space 86016K, 23% used [0x0000000083800000,0x0000000084bb1890,0x0000000088c00000)
 Metaspace       used 13894K, capacity 14140K, committed 14336K, reserved 1062912K
  class space    used 1645K, capacity 1739K, committed 1792K, reserved 1048576K
}
Event: 2,638 GC heap before
{Heap before GC invocations=3 (full 0):
 PSYoungGen      total 37888K, used 35360K [0x00000000d6800000, 0x00000000db200000, 0x0000000100000000)
  eden space 32768K, 100% used [0x00000000d6800000,0x00000000d8800000,0x00000000d8800000)
  from space 5120K, 50% used [0x00000000d8d00000,0x00000000d8f88040,0x00000000d9200000)
  to   space 5120K, 0% used [0x00000000d8800000,0x00000000d8800000,0x00000000d8d00000)
 ParOldGen       total 86016K, used 20166K [0x0000000083800000, 0x0000000088c00000, 0x00000000d6800000)
  object space 86016K, 23% used [0x0000000083800000,0x0000000084bb1890,0x0000000088c00000)
 Metaspace       used 14001K, capacity 14204K, committed 14336K, reserved 1062912K
  class space    used 1661K, capacity 1739K, committed 1792K, reserved 1048576K
Event: 2,644 GC heap after
Heap after GC invocations=3 (full 0):
 PSYoungGen      total 37888K, used 2416K [0x00000000d6800000, 0x00000000db200000, 0x0000000100000000)
  eden space 32768K, 0% used [0x00000000d6800000,0x00000000d6800000,0x00000000d8800000)
  from space 5120K, 47% used [0x00000000d8800000,0x00000000d8a5c050,0x00000000d8d00000)
  to   space 5120K, 0% used [0x00000000dad00000,0x00000000dad00000,0x00000000db200000)
 ParOldGen       total 86016K, used 20174K [0x0000000083800000, 0x0000000088c00000, 0x00000000d6800000)
  object space 86016K, 23% used [0x0000000083800000,0x0000000084bb3890,0x0000000088c00000)
 Metaspace       used 14001K, capacity 14204K, committed 14336K, reserved 1062912K
  class space    used 1661K, capacity 1739K, committed 1792K, reserved 1048576K
}

